<?xml version="1.0" encoding="utf-8"?><testsuites name="pytest tests"><testsuite name="pytest" errors="0" failures="1" skipped="0" tests="14" time="9.405" timestamp="2026-06-07T08:26:35.313972+00:00" hostname="agent-env-bb46549a-7036-436d-a511-db9f0fa66d70"><testcase classname="backend.tests.test_iteration2.TestStatsWorkspaceScoping" name="test_global_stats_shape" time="0.307" /><testcase classname="backend.tests.test_iteration2.TestStatsWorkspaceScoping" name="test_stats_with_workspace_filter" time="1.709" /><testcase classname="backend.tests.test_iteration2.TestStatsWorkspaceScoping" name="test_stats_with_none_workspace" time="0.096" /><testcase classname="backend.tests.test_iteration2.TestStatsWorkspaceScoping" name="test_stats_unknown_workspace_returns_zero" time="0.154" /><testcase classname="backend.tests.test_iteration2.TestSessionsCRUD" name="test_create_via_chat" time="1.743" /><testcase classname="backend.tests.test_iteration2.TestSessionsCRUD" name="test_rename_session" time="1.724" /><testcase classname="backend.tests.test_iteration2.TestSessionsCRUD" name="test_delete_session" time="1.486" /><testcase classname="backend.tests.test_iteration2.TestSessionsCRUD" name="test_list_sessions_scoped" time="0.106" /><testcase classname="backend.tests.test_iteration2.TestStreaming" name="test_stream_emits_route_delta_done" time="0.928"><failure message="AssertionError: no route event&#10;assert False">backend/tests/test_iteration2.py:148: in test_stream_emits_route_delta_done
    assert saw["route"], "no route event"
E   AssertionError: no route event
E   assert False</failure></testcase><testcase classname="backend.tests.test_iteration2.TestMemory" name="test_memory_list" time="0.100" /><testcase classname="backend.tests.test_iteration2.TestMemory" name="test_memory_create_and_recall" time="0.517" /><testcase classname="backend.tests.test_iteration2.TestMemory" name="test_memory_graph" time="0.107" /><testcase classname="backend.tests.test_iteration2.TestMemory" name="test_memory_export" time="0.098" /><testcase classname="backend.tests.test_iteration2.TestMemory" name="test_memory_recall_missing_q" time="0.252" /></testsuite></testsuites>