<?xml version="1.0" encoding="utf-8"?><testsuites name="pytest tests"><testsuite name="pytest" errors="0" failures="0" skipped="0" tests="9" time="11.295" timestamp="2026-06-07T08:48:20.311933+00:00" hostname="agent-env-bb46549a-7036-436d-a511-db9f0fa66d70"><testcase classname="backend.tests.test_iteration3.TestSparklineShape" name="test_default_7_days" time="0.311" /><testcase classname="backend.tests.test_iteration3.TestSparklineShape" name="test_days_param_honored" time="0.048" /><testcase classname="backend.tests.test_iteration3.TestSparklineShape" name="test_days_clamped_to_90" time="0.056" /><testcase classname="backend.tests.test_iteration3.TestSparklineShape" name="test_days_min_clamp" time="0.046" /><testcase classname="backend.tests.test_iteration3.TestSparklineShape" name="test_workspace_filter_unknown_id" time="0.047" /><testcase classname="backend.tests.test_iteration3.TestSparklineShape" name="test_workspace_none_sentinel" time="0.047" /><testcase classname="backend.tests.test_iteration3.TestSparklineShape" name="test_day_keys_chronological" time="0.046" /><testcase classname="backend.tests.test_iteration3.TestChatLanguageAutoDetect" name="test_spanish_reply" time="1.466" /><testcase classname="backend.tests.test_iteration3.TestChatLanguageAutoDetect" name="test_mandarin_reply" time="9.156" /></testsuite></testsuites>