<?xml version="1.0" encoding="utf-8"?><testsuites name="pytest tests"><testsuite name="pytest" errors="0" failures="0" skipped="0" tests="17" time="4.386" timestamp="2026-06-07T06:23:14.965029+00:00" hostname="agent-env-bb46549a-7036-436d-a511-db9f0fa66d70"><testcase classname="backend.tests.test_peter_ai.TestMeta" name="test_root" time="0.144" /><testcase classname="backend.tests.test_peter_ai.TestMeta" name="test_tiers" time="0.049" /><testcase classname="backend.tests.test_peter_ai.TestMeta" name="test_agents" time="0.046" /><testcase classname="backend.tests.test_peter_ai.TestRouter" name="test_classify[what time is it-free]" time="0.051" /><testcase classname="backend.tests.test_peter_ai.TestRouter" name="test_classify[translate hello to japanese-free]" time="0.045" /><testcase classname="backend.tests.test_peter_ai.TestRouter" name="test_classify[analyze our growth strategy-smart]" time="0.045" /><testcase classname="backend.tests.test_peter_ai.TestRouter" name="test_classify[architect a scalable system-smart]" time="0.045" /><testcase classname="backend.tests.test_peter_ai.TestRouter" name="test_classify[I need legal advice on this contract-critical]" time="0.043" /><testcase classname="backend.tests.test_peter_ai.TestRouter" name="test_classify[tell me about yourself-cheap]" time="0.047" /><testcase classname="backend.tests.test_peter_ai.TestChat" name="test_chat_simple_free_tier" time="1.175" /><testcase classname="backend.tests.test_peter_ai.TestChat" name="test_chat_force_smart" time="2.221" /><testcase classname="backend.tests.test_peter_ai.TestChat" name="test_chat_invalid_tier" time="0.047" /><testcase classname="backend.tests.test_peter_ai.TestChat" name="test_sessions_list" time="0.047" /><testcase classname="backend.tests.test_peter_ai.TestChat" name="test_session_messages" time="0.050" /><testcase classname="backend.tests.test_peter_ai.TestCrew" name="test_crew_build" time="0.059" /><testcase classname="backend.tests.test_peter_ai.TestCrew" name="test_crew_list_contains_run" time="0.051" /><testcase classname="backend.tests.test_peter_ai.TestStats" name="test_stats" time="0.049" /></testsuite></testsuites>