<?xml version="1.0" encoding="utf-8"?><testsuites name="pytest tests"><testsuite name="pytest" errors="0" failures="0" skipped="0" tests="4" time="124.593" timestamp="2026-06-07T11:44:24.310427+00:00" hostname="agent-env-bb46549a-7036-436d-a511-db9f0fa66d70"><testcase classname="backend.tests.test_studio_language" name="test_genius_prompt_indonesian_language" time="0.185" /><testcase classname="backend.tests.test_studio_language" name="test_genius_prompt_id_appears_in_list" time="0.051" /><testcase classname="backend.tests.test_studio_language" name="test_genius_prompt_english_sanity" time="116.367" /><testcase classname="backend.tests.test_studio_language" name="test_script_generate_indonesian_with_genius_id" time="7.925" /></testsuite></testsuites>