<?xml version="1.0" encoding="utf-8"?><testsuites name="pytest tests"><testsuite name="pytest" errors="0" failures="0" skipped="0" tests="14" time="101.217" timestamp="2026-06-07T12:21:11.030651+00:00" hostname="agent-env-bb46549a-7036-436d-a511-db9f0fa66d70"><testcase classname="backend.tests.test_studio_jobs.TestCreateJob" name="test_post_jobs_returns_job_id_quickly" time="0.169" /><testcase classname="backend.tests.test_studio_jobs.TestCreateJob" name="test_events_endpoint_unknown_job_404" time="0.192" /><testcase classname="backend.tests.test_studio_jobs.TestStreamEvents" name="test_events_endpoint_content_type" time="99.608" /><testcase classname="backend.tests.test_studio_jobs.TestStreamEvents" name="test_event_order_and_terminal" time="0.000" /><testcase classname="backend.tests.test_studio_jobs.TestStreamEvents" name="test_iter_done_has_score" time="0.000" /><testcase classname="backend.tests.test_studio_jobs.TestStreamEvents" name="test_final_result_indonesian" time="0.000" /><testcase classname="backend.tests.test_studio_jobs.TestJobSnapshot" name="test_snapshot_after_completion" time="0.101" /><testcase classname="backend.tests.test_studio_jobs.TestJobSnapshot" name="test_snapshot_unknown_job_404" time="0.119" /><testcase classname="backend.tests.test_studio_jobs.TestPersistedPrompt" name="test_new_prompt_in_list_then_delete" time="0.425" /><testcase classname="backend.tests.test_studio_jobs.TestPersistedPrompt" name="test_delete_unknown_prompt_404" time="0.103" /><testcase classname="backend.tests.test_studio_jobs.TestLegacyStream" name="test_legacy_stream_still_returns_event_stream" time="0.107" /><testcase classname="backend.tests.test_studio_jobs.TestScriptsCRUD" name="test_list_scripts" time="0.098" /><testcase classname="backend.tests.test_studio_jobs.TestScriptsCRUD" name="test_get_script_404" time="0.097" /><testcase classname="backend.tests.test_studio_jobs.TestScriptsCRUD" name="test_delete_script_404" time="0.104" /></testsuite></testsuites>